Using pre-set license
Built from '2021.2/staging' branch; Version is '2021.2.7f1 (6bd9e232123f) revision 7068130'; Using compiler version '192829333'; Build Type 'Release'
OS: 'Windows 11  (10.0.22000) 64bit Core' Language: 'en' Physical Memory: 16085 MB
BatchMode: 1, IsHumanControllingUs: 0, StartBugReporterOnCrash: 0, Is64bit: 1, IsPro: 0

COMMAND LINE ARGUMENTS:
C:\Program Files\Unity\Hub\Editor\2021.2.7f1\Editor\Unity.exe
-adb2
-batchMode
-noUpm
-name
AssetImportWorker0
-projectPath
C:/Users/jonka/OneDrive/Desktop/DragonFruitStudios_repo2--main/DragonFruitStudios_repo2--main
-logFile
Logs/AssetImportWorker0.log
-srvPort
54689
Successfully changed project path to: C:/Users/jonka/OneDrive/Desktop/DragonFruitStudios_repo2--main/DragonFruitStudios_repo2--main
C:/Users/jonka/OneDrive/Desktop/DragonFruitStudios_repo2--main/DragonFruitStudios_repo2--main
[UnityMemory] Configuration Parameters - Can be set up in boot.config
    "memorysetup-bucket-allocator-granularity=16"
    "memorysetup-bucket-allocator-bucket-count=8"
    "memorysetup-bucket-allocator-block-size=33554432"
    "memorysetup-bucket-allocator-block-count=8"
    "memorysetup-main-allocator-block-size=16777216"
    "memorysetup-thread-allocator-block-size=16777216"
    "memorysetup-gfx-main-allocator-block-size=16777216"
    "memorysetup-gfx-thread-allocator-block-size=16777216"
    "memorysetup-cache-allocator-block-size=4194304"
    "memorysetup-typetree-allocator-block-size=2097152"
    "memorysetup-profiler-bucket-allocator-granularity=16"
    "memorysetup-profiler-bucket-allocator-bucket-count=8"
    "memorysetup-profiler-bucket-allocator-block-size=33554432"
    "memorysetup-profiler-bucket-allocator-block-count=8"
    "memorysetup-profiler-allocator-block-size=16777216"
    "memorysetup-profiler-editor-allocator-block-size=1048576"
    "memorysetup-temp-allocator-size-main=16777216"
    "memorysetup-job-temp-allocator-block-size=2097152"
    "memorysetup-job-temp-allocator-block-size-background=1048576"
    "memorysetup-job-temp-allocator-reduction-small-platforms=262144"
    "memorysetup-temp-allocator-size-background-worker=32768"
    "memorysetup-temp-allocator-size-job-worker=262144"
    "memorysetup-temp-allocator-size-preload-manager=33554432"
    "memorysetup-temp-allocator-size-nav-mesh-worker=65536"
    "memorysetup-temp-allocator-size-audio-worker=65536"
    "memorysetup-temp-allocator-size-cloud-worker=32768"
    "memorysetup-temp-allocator-size-gi-baking-worker=262144"
    "memorysetup-temp-allocator-size-gfx=262144"
Refreshing native plugins compatible for Editor in 80.95 ms, found 4 plugins.
Preloading 0 native plugins for Editor in 0.00 ms.
Initialize engine version: 2021.2.7f1 (6bd9e232123f)
[Subsystems] Discovering subsystems at path C:/Program Files/Unity/Hub/Editor/2021.2.7f1/Editor/Data/Resources/UnitySubsystems
[Subsystems] Discovering subsystems at path C:/Users/jonka/OneDrive/Desktop/DragonFruitStudios_repo2--main/DragonFruitStudios_repo2--main/Assets
GfxDevice: creating device client; threaded=0; jobified=0
Direct3D:
    Version:  Direct3D 11.0 [level 11.1]
    Renderer: NVIDIA GeForce RTX 3060 Laptop GPU (ID=0x2520)
    Vendor:   NVIDIA
    VRAM:     6023 MB
    Driver:   27.21.14.6140
Initialize mono
Mono path[0] = 'C:/Program Files/Unity/Hub/Editor/2021.2.7f1/Editor/Data/Managed'
Mono path[1] = 'C:/Program Files/Unity/Hub/Editor/2021.2.7f1/Editor/Data/MonoBleedingEdge/lib/mono/unityjit-win32'
Mono config path = 'C:/Program Files/Unity/Hub/Editor/2021.2.7f1/Editor/Data/MonoBleedingEdge/etc'
Using monoOptions --debugger-agent=transport=dt_socket,embedding=1,server=y,suspend=n,address=127.0.0.1:56268
Begin MonoManager ReloadAssembly
Registering precompiled unity dll's ...
Register platform support module: C:/Program Files/Unity/Hub/Editor/2021.2.7f1/Editor/Data/PlaybackEngines/WindowsStandaloneSupport/UnityEditor.WindowsStandalone.Extensions.dll
Registered in 0.002800 seconds.
Native extension for WindowsStandalone target not found
Refreshing native plugins compatible for Editor in 79.18 ms, found 4 plugins.
Preloading 0 native plugins for Editor in 0.00 ms.
Mono: successfully reloaded assembly
- Completed reload, in  0.523 seconds
Domain Reload Profiling:
	ReloadAssembly (523ms)
		BeginReloadAssembly (55ms)
			ExecutionOrderSort (0ms)
			DisableScriptedObjects (0ms)
			BackupInstance (0ms)
			ReleaseScriptingObjects (0ms)
			CreateAndSetChildDomain (1ms)
		EndReloadAssembly (398ms)
			LoadAssemblies (54ms)
			RebuildTransferFunctionScriptingTraits (0ms)
			SetupTypeCache (93ms)
			ReleaseScriptCaches (0ms)
			RebuildScriptCaches (25ms)
			SetupLoadedEditorAssemblies (236ms)
				LogAssemblyErrors (0ms)
				InitializePlatformSupportModulesInManaged (13ms)
				SetLoadedEditorAssemblies (0ms)
				RefreshPlugins (79ms)
				BeforeProcessingInitializeOnLoad (1ms)
				ProcessInitializeOnLoadAttributes (108ms)
				ProcessInitializeOnLoadMethodAttributes (34ms)
				AfterProcessingInitializeOnLoad (0ms)
				EditorAssembliesLoaded (0ms)
			ExecutionOrderSort2 (0ms)
			AwakeInstancesAfterBackupRestoration (0ms)
Platform modules already initialized, skipping
Registering precompiled user dll's ...
Registered in 0.004635 seconds.
Begin MonoManager ReloadAssembly
Symbol file LoadedFromMemory doesn't match image C:\Users\jonka\OneDrive\Desktop\DragonFruitStudios_repo2--main\DragonFruitStudios_repo2--main\Library\PackageCache\com.unity.visualscripting@1.7.6\Editor\VisualScripting.Core\Dependencies\YamlDotNet\Unity.VisualScripting.YamlDotNet.dll
Symbol file LoadedFromMemory doesn't match image C:\Users\jonka\OneDrive\Desktop\DragonFruitStudios_repo2--main\DragonFruitStudios_repo2--main\Library\PackageCache\com.unity.visualscripting@1.7.6\Editor\VisualScripting.Core\Dependencies\DotNetZip\Unity.VisualScripting.IonicZip.dll
Native extension for WindowsStandalone target not found
Refreshing native plugins compatible for Editor in 87.95 ms, found 4 plugins.
Preloading 0 native plugins for Editor in 0.00 ms.
Mono: successfully reloaded assembly
- Completed reload, in  1.166 seconds
Domain Reload Profiling:
	ReloadAssembly (1166ms)
		BeginReloadAssembly (88ms)
			ExecutionOrderSort (0ms)
			DisableScriptedObjects (5ms)
			BackupInstance (0ms)
			ReleaseScriptingObjects (0ms)
			CreateAndSetChildDomain (16ms)
		EndReloadAssembly (997ms)
			LoadAssemblies (60ms)
			RebuildTransferFunctionScriptingTraits (0ms)
			SetupTypeCache (192ms)
			ReleaseScriptCaches (1ms)
			RebuildScriptCaches (47ms)
			SetupLoadedEditorAssemblies (658ms)
				LogAssemblyErrors (0ms)
				InitializePlatformSupportModulesInManaged (9ms)
				SetLoadedEditorAssemblies (0ms)
				RefreshPlugins (88ms)
				BeforeProcessingInitializeOnLoad (81ms)
				ProcessInitializeOnLoadAttributes (444ms)
				ProcessInitializeOnLoadMethodAttributes (30ms)
				AfterProcessingInitializeOnLoad (6ms)
				EditorAssembliesLoaded (0ms)
			ExecutionOrderSort2 (0ms)
			AwakeInstancesAfterBackupRestoration (5ms)
Platform modules already initialized, skipping
========================================================================
Worker process is ready to serve import requests
Launched and connected shader compiler UnityShaderCompiler.exe after 0.05 seconds
Refreshing native plugins compatible for Editor in 0.78 ms, found 4 plugins.
Preloading 0 native plugins for Editor in 0.00 ms.
Unloading 3977 Unused Serialized files (Serialized files now loaded: 0)
Unloading 39 unused Assets / (56.3 KB). Loaded Objects now: 4435.
Memory consumption went from 152.5 MB to 152.5 MB.
Total: 3.397700 ms (FindLiveObjects: 0.306800 ms CreateObjectMapping: 0.134200 ms MarkObjects: 2.867700 ms  DeleteObjects: 0.087800 ms)

AssetImportParameters requested are different than current active one (requested -> active):
  custom:video-decoder-ogg-theora: a1e56fd34408186e4bbccfd4996cb3dc -> 
  custom:container-muxer-webm: aa71ff27fc2769a1b78a27578f13a17b -> 
  custom:container-demuxer-webm: 4f35f7cbe854078d1ac9338744f61a02 -> 
  custom:video-encoder-webm-vp8: eb34c28f22e8b96e1ab97ce403110664 -> 
  custom:audio-encoder-webm-vorbis: bf7c407c2cedff20999df2af8eb42d56 -> 
  custom:framework-win-MediaFoundation: 216162199b28c13a410421893ffa2e32 -> 
  custom:container-demuxer-ogg: 62fdf1f143b41e24485cea50d1cbac27 -> 
  custom:video-decoder-webm-vp8: 9c59270c3fd7afecdb556c50c9e8de78 -> 
  custom:audio-decoder-ogg-vorbis: bf7c407c2cedff20999df2af8eb42d56 -> 
========================================================================
Received Import Request.
  Time since last request: 467541.948264 seconds.
  path: Assets/Scenes/Menu_Screens/MainMenu.unity
  artifactKey: Guid(a0be7e3000c893c45b5fedc7f2aaf9be) Importer(815301076,1909f56bfc062723c751e8b465ee728b)
Start importing Assets/Scenes/Menu_Screens/MainMenu.unity using Guid(a0be7e3000c893c45b5fedc7f2aaf9be) Importer(815301076,1909f56bfc062723c751e8b465ee728b)  -> (artifact id: '26fbf0fcf1bbd80b30967d1a65736cad') in 0.020837 seconds 
========================================================================
Received Import Request.
  Time since last request: 1641.912803 seconds.
  path: Assets/MAIN MENU BKG.png
  artifactKey: Guid(b6e897172ace3c445ae5ba7f21a252b2) Importer(815301076,1909f56bfc062723c751e8b465ee728b)
Start importing Assets/MAIN MENU BKG.png using Guid(b6e897172ace3c445ae5ba7f21a252b2) Importer(815301076,1909f56bfc062723c751e8b465ee728b)  -> (artifact id: '82d0d37f54db25b39a8a653b8709ee78') in 0.195781 seconds 
========================================================================
Received Import Request.
  Time since last request: 0.000028 seconds.
  path: Assets/New TMP Color Gradient.asset
  artifactKey: Guid(748d79650bbf06c42a90cf73fd38d54a) Importer(815301076,1909f56bfc062723c751e8b465ee728b)
Start importing Assets/New TMP Color Gradient.asset using Guid(748d79650bbf06c42a90cf73fd38d54a) Importer(815301076,1909f56bfc062723c751e8b465ee728b)  -> (artifact id: '8d7724591e8e95ba6a9d88ea0c162568') in 0.011782 seconds 
========================================================================
Received Import Request.
  Time since last request: 0.000053 seconds.
  path: Assets/Screenshot (921) 1.png
  artifactKey: Guid(9ec524275055dcc4fbee37f74a2e77db) Importer(815301076,1909f56bfc062723c751e8b465ee728b)
Start importing Assets/Screenshot (921) 1.png using Guid(9ec524275055dcc4fbee37f74a2e77db) Importer(815301076,1909f56bfc062723c751e8b465ee728b)  -> (artifact id: '1054c755b5f81ede24f93feb1eddfb61') in 0.042050 seconds 
========================================================================
Received Import Request.
  Time since last request: 26.983526 seconds.
  path: Assets/Sprites/ARARARARARAR.png
  artifactKey: Guid(48fd6c4d6886bc24da0503a9c7b8f0a2) Importer(815301076,1909f56bfc062723c751e8b465ee728b)
Start importing Assets/Sprites/ARARARARARAR.png using Guid(48fd6c4d6886bc24da0503a9c7b8f0a2) Importer(815301076,1909f56bfc062723c751e8b465ee728b)  -> (artifact id: '271e486c6ab6fbddb620e2b93e73e2a3') in 0.042224 seconds 
========================================================================
Received Import Request.
  Time since last request: 0.000043 seconds.
  path: Assets/Sprites/CAT_PNG.jpg
  artifactKey: Guid(56a2afc8656ea7e4094ab9c5d50ff504) Importer(815301076,1909f56bfc062723c751e8b465ee728b)
Start importing Assets/Sprites/CAT_PNG.jpg using Guid(56a2afc8656ea7e4094ab9c5d50ff504) Importer(815301076,1909f56bfc062723c751e8b465ee728b)  -> (artifact id: '6ad993ead4c00f01c72dbe2b2b7593af') in 0.037407 seconds 
========================================================================
Received Import Request.
  Time since last request: 0.000048 seconds.
  path: Assets/Sprites/BIRD_PNG.jpg
  artifactKey: Guid(7783a2b8246d6884ea3f9be9827c0576) Importer(815301076,1909f56bfc062723c751e8b465ee728b)
Start importing Assets/Sprites/BIRD_PNG.jpg using Guid(7783a2b8246d6884ea3f9be9827c0576) Importer(815301076,1909f56bfc062723c751e8b465ee728b)  -> (artifact id: '3c5d659d414a3707f90433b8ae3833ac') in 0.030343 seconds 
========================================================================
Received Import Request.
  Time since last request: 0.000027 seconds.
  path: Assets/Sprites/GIFs/BANAN2_GIF.gif
  artifactKey: Guid(b7ceb7dc30852c64994a4a709b5e627b) Importer(815301076,1909f56bfc062723c751e8b465ee728b)
Start importing Assets/Sprites/GIFs/BANAN2_GIF.gif using Guid(b7ceb7dc30852c64994a4a709b5e627b) Importer(815301076,1909f56bfc062723c751e8b465ee728b)  -> (artifact id: 'c4b3e4c512ebd83957c1940a367855a2') in 0.046747 seconds 
========================================================================
Received Import Request.
  Time since last request: 2.162154 seconds.
  path: Assets/Sprites/VFX Particles/HRT_BLUE_FX.png
  artifactKey: Guid(3519c7b7b6e3532478a7ad8901e37173) Importer(815301076,1909f56bfc062723c751e8b465ee728b)
Start importing Assets/Sprites/VFX Particles/HRT_BLUE_FX.png using Guid(3519c7b7b6e3532478a7ad8901e37173) Importer(815301076,1909f56bfc062723c751e8b465ee728b)  -> (artifact id: '59c8c19317353bb8d2d56d9a680e38b0') in 0.029656 seconds 
========================================================================
Received Import Request.
  Time since last request: 0.520292 seconds.
  path: Assets/Sprites/VFX Particles/HRT_PINK_FX.png
  artifactKey: Guid(00b171d69648c6244a129ceaa2d472ea) Importer(815301076,1909f56bfc062723c751e8b465ee728b)
Start importing Assets/Sprites/VFX Particles/HRT_PINK_FX.png using Guid(00b171d69648c6244a129ceaa2d472ea) Importer(815301076,1909f56bfc062723c751e8b465ee728b)  -> (artifact id: '515f4163cc3caa291be902d14c17c4fc') in 0.027432 seconds 
========================================================================
Received Import Request.
  Time since last request: 0.055750 seconds.
  path: Assets/Sprites/VFX Particles/HRT_YELLOW_FX.png
  artifactKey: Guid(bc9e84476c5a8af4fbe18f49fc6d97e5) Importer(815301076,1909f56bfc062723c751e8b465ee728b)
Start importing Assets/Sprites/VFX Particles/HRT_YELLOW_FX.png using Guid(bc9e84476c5a8af4fbe18f49fc6d97e5) Importer(815301076,1909f56bfc062723c751e8b465ee728b)  -> (artifact id: 'a76d101039aa95530ef4b8ce371e52f5') in 0.032538 seconds 
========================================================================
Received Import Request.
  Time since last request: 0.191195 seconds.
  path: Assets/Sprites/PPP_OBSTACLE.png
  artifactKey: Guid(95df79baa38ee9a47bb91e886b244df1) Importer(815301076,1909f56bfc062723c751e8b465ee728b)
Start importing Assets/Sprites/PPP_OBSTACLE.png using Guid(95df79baa38ee9a47bb91e886b244df1) Importer(815301076,1909f56bfc062723c751e8b465ee728b)  -> (artifact id: '3d3048368491b6ec2e1001278d01c4fb') in 0.035520 seconds 
========================================================================
Received Import Request.
  Time since last request: 0.050489 seconds.
  path: Assets/Screenshot (921).png
  artifactKey: Guid(7037e8d5cdedb684e9018d5f359ec707) Importer(815301076,1909f56bfc062723c751e8b465ee728b)
Start importing Assets/Screenshot (921).png using Guid(7037e8d5cdedb684e9018d5f359ec707) Importer(815301076,1909f56bfc062723c751e8b465ee728b)  -> (artifact id: 'c1583d9271058a6537640f8bac95283d') in 0.031550 seconds 
========================================================================
Received Import Request.
  Time since last request: 0.420038 seconds.
  path: Assets/Sprites/SHAB_PNG.png
  artifactKey: Guid(e25719d528a3c4f4bbdf67c10d1b6423) Importer(815301076,1909f56bfc062723c751e8b465ee728b)
Start importing Assets/Sprites/SHAB_PNG.png using Guid(e25719d528a3c4f4bbdf67c10d1b6423) Importer(815301076,1909f56bfc062723c751e8b465ee728b)  -> (artifact id: 'dc8a3ba7849e9bc1e4457388f9cf9964') in 0.036934 seconds 
========================================================================
Received Import Request.
  Time since last request: 159.151025 seconds.
  path: Assets/Scenes/Dialogue_Scenes/Dialouge_1.unity
  artifactKey: Guid(ae20b854e7cc2d742a49f56729f8e856) Importer(815301076,1909f56bfc062723c751e8b465ee728b)
Start importing Assets/Scenes/Dialogue_Scenes/Dialouge_1.unity using Guid(ae20b854e7cc2d742a49f56729f8e856) Importer(815301076,1909f56bfc062723c751e8b465ee728b)  -> (artifact id: 'ee2fde3d02aacf58f700e0e485abb91e') in 0.010426 seconds 
========================================================================
Received Import Request.
  Time since last request: 57.405903 seconds.
  path: Assets/Sprites/shapes_square.png
  artifactKey: Guid(45a0b88049e38a74aa4d13d6d413df18) Importer(815301076,1909f56bfc062723c751e8b465ee728b)
Start importing Assets/Sprites/shapes_square.png using Guid(45a0b88049e38a74aa4d13d6d413df18) Importer(815301076,1909f56bfc062723c751e8b465ee728b)  -> (artifact id: '1143f1b1b0b7e8f2aa9b842cc49fc8b3') in 0.031853 seconds 
========================================================================
Received Import Request.
  Time since last request: 0.000022 seconds.
  path: Assets/Sprites/shapes_two.png
  artifactKey: Guid(4bb6529b48c5d774b927d2d36d059e25) Importer(815301076,1909f56bfc062723c751e8b465ee728b)
Start importing Assets/Sprites/shapes_two.png using Guid(4bb6529b48c5d774b927d2d36d059e25) Importer(815301076,1909f56bfc062723c751e8b465ee728b)  -> (artifact id: 'b536e85f7dbe350c2f8983e51fe5e51c') in 0.040921 seconds 
========================================================================
Received Import Request.
  Time since last request: 60.659227 seconds.
  path: Assets/TextMesh Pro/Resources/Fonts & Materials/LiberationSans SDF - Fallback.asset
  artifactKey: Guid(2e498d1c8094910479dc3e1b768306a4) Importer(815301076,1909f56bfc062723c751e8b465ee728b)
Start importing Assets/TextMesh Pro/Resources/Fonts & Materials/LiberationSans SDF - Fallback.asset using Guid(2e498d1c8094910479dc3e1b768306a4) Importer(815301076,1909f56bfc062723c751e8b465ee728b)  -> (artifact id: 'acade6a3ad69e7ccfd8519b3d1a0b1f0') in 0.066379 seconds 
========================================================================
Received Import Request.
  Time since last request: 124.294655 seconds.
  path: Assets/Scenes/Menu_Screens/MainMenu.unity
  artifactKey: Guid(a0be7e3000c893c45b5fedc7f2aaf9be) Importer(815301076,1909f56bfc062723c751e8b465ee728b)
Start importing Assets/Scenes/Menu_Screens/MainMenu.unity using Guid(a0be7e3000c893c45b5fedc7f2aaf9be) Importer(815301076,1909f56bfc062723c751e8b465ee728b)  -> (artifact id: '50f6b33d462f4c80f1912974bbd5e878') in 0.009076 seconds 
========================================================================
Received Import Request.
  Time since last request: 39.230881 seconds.
  path: Assets/Sprites/shapes_circle.png
  artifactKey: Guid(b19ff71a2cdbdfe4789ddfc21a6efa29) Importer(815301076,1909f56bfc062723c751e8b465ee728b)
Start importing Assets/Sprites/shapes_circle.png using Guid(b19ff71a2cdbdfe4789ddfc21a6efa29) Importer(815301076,1909f56bfc062723c751e8b465ee728b)  -> (artifact id: 'f57416c69c327b8c18d5cfd5d40e7ab2') in 0.024081 seconds 
========================================================================
Received Import Request.
  Time since last request: 0.030069 seconds.
  path: Assets/Sprites/shapes_octhahedron .png
  artifactKey: Guid(cc38e81fb7ada824b9423ef56610ce05) Importer(815301076,1909f56bfc062723c751e8b465ee728b)
Start importing Assets/Sprites/shapes_octhahedron .png using Guid(cc38e81fb7ada824b9423ef56610ce05) Importer(815301076,1909f56bfc062723c751e8b465ee728b)  -> (artifact id: '7cd3c6e430b5c7ef2bb54ad78a85ca03') in 0.026383 seconds 
========================================================================
Received Import Request.
  Time since last request: 26.083874 seconds.
  path: Assets/Scenes/Dialogue_Scenes/Dialouge_2.unity
  artifactKey: Guid(287983eb47f66f84faac62effe7ee991) Importer(815301076,1909f56bfc062723c751e8b465ee728b)
Start importing Assets/Scenes/Dialogue_Scenes/Dialouge_2.unity using Guid(287983eb47f66f84faac62effe7ee991) Importer(815301076,1909f56bfc062723c751e8b465ee728b)  -> (artifact id: 'c2c441735c827c1bf9e9414b916dae55') in 0.009806 seconds 
========================================================================
Received Import Request.
  Time since last request: 17.333254 seconds.
  path: Assets/Scenes/Dialogue_Scenes/Dialouge_3.unity
  artifactKey: Guid(4af9682bb080a2148823b8d82d658ded) Importer(815301076,1909f56bfc062723c751e8b465ee728b)
Start importing Assets/Scenes/Dialogue_Scenes/Dialouge_3.unity using Guid(4af9682bb080a2148823b8d82d658ded) Importer(815301076,1909f56bfc062723c751e8b465ee728b)  -> (artifact id: 'd66ebb7631c385c2eb19e18affac9d21') in 0.008388 seconds 
========================================================================
Received Import Request.
  Time since last request: 17.160172 seconds.
  path: Assets/Scenes/Dialogue_Scenes/Dialouge_4.unity
  artifactKey: Guid(b63eb909e450c904a8a3fc90ce81d222) Importer(815301076,1909f56bfc062723c751e8b465ee728b)
Start importing Assets/Scenes/Dialogue_Scenes/Dialouge_4.unity using Guid(b63eb909e450c904a8a3fc90ce81d222) Importer(815301076,1909f56bfc062723c751e8b465ee728b)  -> (artifact id: '18bd50c2cfe3516536e3c946dc1cffd4') in 0.007136 seconds 
========================================================================
Received Import Request.
  Time since last request: 12.389446 seconds.
  path: Assets/Scenes/Dialogue_Scenes/Dialouge_5.unity
  artifactKey: Guid(429e5eabf52c71a43a9431a58c593aec) Importer(815301076,1909f56bfc062723c751e8b465ee728b)
Start importing Assets/Scenes/Dialogue_Scenes/Dialouge_5.unity using Guid(429e5eabf52c71a43a9431a58c593aec) Importer(815301076,1909f56bfc062723c751e8b465ee728b)  -> (artifact id: 'bd0ac83246953b65cc630cfd6b0c64f4') in 0.007979 seconds 
========================================================================
Received Import Request.
  Time since last request: 8.952812 seconds.
  path: Assets/Scenes/Dialogue_Scenes/Dialouge_6.unity
  artifactKey: Guid(43b57e68ea4ec7d4a90a2568a4f97c66) Importer(815301076,1909f56bfc062723c751e8b465ee728b)
Start importing Assets/Scenes/Dialogue_Scenes/Dialouge_6.unity using Guid(43b57e68ea4ec7d4a90a2568a4f97c66) Importer(815301076,1909f56bfc062723c751e8b465ee728b)  -> (artifact id: 'bca647dc5930fd6027108f3cd23d5903') in 0.008439 seconds 
========================================================================
Received Import Request.
  Time since last request: 14.957427 seconds.
  path: Assets/Scenes/Dialogue_Scenes/Dialouge_1.unity
  artifactKey: Guid(ae20b854e7cc2d742a49f56729f8e856) Importer(815301076,1909f56bfc062723c751e8b465ee728b)
Start importing Assets/Scenes/Dialogue_Scenes/Dialouge_1.unity using Guid(ae20b854e7cc2d742a49f56729f8e856) Importer(815301076,1909f56bfc062723c751e8b465ee728b)  -> (artifact id: 'a3d8e87a17b45601cc176f6e56b898f7') in 0.002956 seconds 
========================================================================
Received Import Request.
  Time since last request: 2.280102 seconds.
  path: Assets/Scenes/Dialogue_Scenes/Dialouge_2.unity
  artifactKey: Guid(287983eb47f66f84faac62effe7ee991) Importer(815301076,1909f56bfc062723c751e8b465ee728b)
Start importing Assets/Scenes/Dialogue_Scenes/Dialouge_2.unity using Guid(287983eb47f66f84faac62effe7ee991) Importer(815301076,1909f56bfc062723c751e8b465ee728b)  -> (artifact id: 'db9a21111772086ee39cab40cc17cb90') in 0.003190 seconds 
========================================================================
Received Import Request.
  Time since last request: 1.620665 seconds.
  path: Assets/Scenes/Dialogue_Scenes/Dialouge_3.unity
  artifactKey: Guid(4af9682bb080a2148823b8d82d658ded) Importer(815301076,1909f56bfc062723c751e8b465ee728b)
Start importing Assets/Scenes/Dialogue_Scenes/Dialouge_3.unity using Guid(4af9682bb080a2148823b8d82d658ded) Importer(815301076,1909f56bfc062723c751e8b465ee728b)  -> (artifact id: 'f4df319b4a3e562e81cc919a5f91f71f') in 0.002700 seconds 
========================================================================
Received Import Request.
  Time since last request: 0.681956 seconds.
  path: Assets/Scenes/Dialogue_Scenes/Dialouge_4.unity
  artifactKey: Guid(b63eb909e450c904a8a3fc90ce81d222) Importer(815301076,1909f56bfc062723c751e8b465ee728b)
Start importing Assets/Scenes/Dialogue_Scenes/Dialouge_4.unity using Guid(b63eb909e450c904a8a3fc90ce81d222) Importer(815301076,1909f56bfc062723c751e8b465ee728b)  -> (artifact id: '884434ca97b4131182a33413de05446d') in 0.003082 seconds 
========================================================================
Received Import Request.
  Time since last request: 1.100363 seconds.
  path: Assets/Scenes/Dialogue_Scenes/Dialouge_5.unity
  artifactKey: Guid(429e5eabf52c71a43a9431a58c593aec) Importer(815301076,1909f56bfc062723c751e8b465ee728b)
Start importing Assets/Scenes/Dialogue_Scenes/Dialouge_5.unity using Guid(429e5eabf52c71a43a9431a58c593aec) Importer(815301076,1909f56bfc062723c751e8b465ee728b)  -> (artifact id: '3a6c9ec5f8c4d9a81ef49776a810e523') in 0.003060 seconds 
========================================================================
Received Import Request.
  Time since last request: 0.774632 seconds.
  path: Assets/Scenes/Dialogue_Scenes/Dialouge_6.unity
  artifactKey: Guid(43b57e68ea4ec7d4a90a2568a4f97c66) Importer(815301076,1909f56bfc062723c751e8b465ee728b)
Start importing Assets/Scenes/Dialogue_Scenes/Dialouge_6.unity using Guid(43b57e68ea4ec7d4a90a2568a4f97c66) Importer(815301076,1909f56bfc062723c751e8b465ee728b)  -> (artifact id: 'e098b2d0f812f168fdc1c3450bcaad64') in 0.002766 seconds 
========================================================================
Received Prepare
Registering precompiled user dll's ...
Registered in 0.005046 seconds.
Begin MonoManager ReloadAssembly
Symbol file LoadedFromMemory doesn't match image C:\Users\jonka\OneDrive\Desktop\DragonFruitStudios_repo2--main\DragonFruitStudios_repo2--main\Library\PackageCache\com.unity.visualscripting@1.7.6\Editor\VisualScripting.Core\Dependencies\YamlDotNet\Unity.VisualScripting.YamlDotNet.dll
Symbol file LoadedFromMemory doesn't match image C:\Users\jonka\OneDrive\Desktop\DragonFruitStudios_repo2--main\DragonFruitStudios_repo2--main\Library\PackageCache\com.unity.visualscripting@1.7.6\Editor\VisualScripting.Core\Dependencies\DotNetZip\Unity.VisualScripting.IonicZip.dll
Native extension for WindowsStandalone target not found
Refreshing native plugins compatible for Editor in 1.17 ms, found 4 plugins.
Preloading 0 native plugins for Editor in 0.00 ms.
Mono: successfully reloaded assembly
- Completed reload, in  1.230 seconds
Domain Reload Profiling:
	ReloadAssembly (1231ms)
		BeginReloadAssembly (146ms)
			ExecutionOrderSort (0ms)
			DisableScriptedObjects (5ms)
			BackupInstance (0ms)
			ReleaseScriptingObjects (0ms)
			CreateAndSetChildDomain (49ms)
		EndReloadAssembly (999ms)
			LoadAssemblies (72ms)
			RebuildTransferFunctionScriptingTraits (0ms)
			SetupTypeCache (298ms)
			ReleaseScriptCaches (2ms)
			RebuildScriptCaches (46ms)
			SetupLoadedEditorAssemblies (505ms)
				LogAssemblyErrors (0ms)
				InitializePlatformSupportModulesInManaged (14ms)
				SetLoadedEditorAssemblies (1ms)
				RefreshPlugins (1ms)
				BeforeProcessingInitializeOnLoad (88ms)
				ProcessInitializeOnLoadAttributes (358ms)
				ProcessInitializeOnLoadMethodAttributes (36ms)
				AfterProcessingInitializeOnLoad (6ms)
				EditorAssembliesLoaded (2ms)
			ExecutionOrderSort2 (0ms)
			AwakeInstancesAfterBackupRestoration (19ms)
Platform modules already initialized, skipping
Refreshing native plugins compatible for Editor in 1.07 ms, found 4 plugins.
Preloading 0 native plugins for Editor in 0.00 ms.
Unloading 3970 Unused Serialized files (Serialized files now loaded: 0)
Unloading 28 unused Assets / (24.8 KB). Loaded Objects now: 4755.
Memory consumption went from 167.8 MB to 167.8 MB.
Total: 3.664200 ms (FindLiveObjects: 0.360300 ms CreateObjectMapping: 0.136500 ms MarkObjects: 3.133800 ms  DeleteObjects: 0.031000 ms)

AssetImportParameters requested are different than current active one (requested -> active):
  custom:video-decoder-ogg-theora: a1e56fd34408186e4bbccfd4996cb3dc -> 
  custom:container-muxer-webm: aa71ff27fc2769a1b78a27578f13a17b -> 
  custom:container-demuxer-webm: 4f35f7cbe854078d1ac9338744f61a02 -> 
  custom:video-encoder-webm-vp8: eb34c28f22e8b96e1ab97ce403110664 -> 
  custom:audio-encoder-webm-vorbis: bf7c407c2cedff20999df2af8eb42d56 -> 
  custom:framework-win-MediaFoundation: 216162199b28c13a410421893ffa2e32 -> 
  custom:container-demuxer-ogg: 62fdf1f143b41e24485cea50d1cbac27 -> 
  custom:video-decoder-webm-vp8: 9c59270c3fd7afecdb556c50c9e8de78 -> 
  custom:audio-decoder-ogg-vorbis: bf7c407c2cedff20999df2af8eb42d56 -> 
========================================================================
Received Prepare
Registering precompiled user dll's ...
Registered in 0.004713 seconds.
Begin MonoManager ReloadAssembly
Symbol file LoadedFromMemory doesn't match image C:\Users\jonka\OneDrive\Desktop\DragonFruitStudios_repo2--main\DragonFruitStudios_repo2--main\Library\PackageCache\com.unity.visualscripting@1.7.6\Editor\VisualScripting.Core\Dependencies\YamlDotNet\Unity.VisualScripting.YamlDotNet.dll
Symbol file LoadedFromMemory doesn't match image C:\Users\jonka\OneDrive\Desktop\DragonFruitStudios_repo2--main\DragonFruitStudios_repo2--main\Library\PackageCache\com.unity.visualscripting@1.7.6\Editor\VisualScripting.Core\Dependencies\DotNetZip\Unity.VisualScripting.IonicZip.dll
Native extension for WindowsStandalone target not found
Refreshing native plugins compatible for Editor in 0.70 ms, found 4 plugins.
Preloading 0 native plugins for Editor in 0.00 ms.
Mono: successfully reloaded assembly
- Completed reload, in  1.034 seconds
Domain Reload Profiling:
	ReloadAssembly (1034ms)
		BeginReloadAssembly (109ms)
			ExecutionOrderSort (0ms)
			DisableScriptedObjects (8ms)
			BackupInstance (0ms)
			ReleaseScriptingObjects (0ms)
			CreateAndSetChildDomain (32ms)
		EndReloadAssembly (847ms)
			LoadAssemblies (60ms)
			RebuildTransferFunctionScriptingTraits (0ms)
			SetupTypeCache (203ms)
			ReleaseScriptCaches (1ms)
			RebuildScriptCaches (48ms)
			SetupLoadedEditorAssemblies (482ms)
				LogAssemblyErrors (0ms)
				InitializePlatformSupportModulesInManaged (14ms)
				SetLoadedEditorAssemblies (0ms)
				RefreshPlugins (1ms)
				BeforeProcessingInitializeOnLoad (64ms)
				ProcessInitializeOnLoadAttributes (358ms)
				ProcessInitializeOnLoadMethodAttributes (39ms)
				AfterProcessingInitializeOnLoad (6ms)
				EditorAssembliesLoaded (0ms)
			ExecutionOrderSort2 (0ms)
			AwakeInstancesAfterBackupRestoration (13ms)
Platform modules already initialized, skipping
Refreshing native plugins compatible for Editor in 1.15 ms, found 4 plugins.
Preloading 0 native plugins for Editor in 0.00 ms.
Unloading 3953 Unused Serialized files (Serialized files now loaded: 0)
Unloading 28 unused Assets / (24.8 KB). Loaded Objects now: 4757.
Memory consumption went from 167.1 MB to 167.1 MB.
Total: 4.130700 ms (FindLiveObjects: 0.319100 ms CreateObjectMapping: 0.128200 ms MarkObjects: 3.661200 ms  DeleteObjects: 0.020900 ms)

AssetImportParameters requested are different than current active one (requested -> active):
  custom:video-decoder-ogg-theora: a1e56fd34408186e4bbccfd4996cb3dc -> 
  custom:container-muxer-webm: aa71ff27fc2769a1b78a27578f13a17b -> 
  custom:container-demuxer-webm: 4f35f7cbe854078d1ac9338744f61a02 -> 
  custom:video-encoder-webm-vp8: eb34c28f22e8b96e1ab97ce403110664 -> 
  custom:audio-encoder-webm-vorbis: bf7c407c2cedff20999df2af8eb42d56 -> 
  custom:framework-win-MediaFoundation: 216162199b28c13a410421893ffa2e32 -> 
  custom:container-demuxer-ogg: 62fdf1f143b41e24485cea50d1cbac27 -> 
  custom:video-decoder-webm-vp8: 9c59270c3fd7afecdb556c50c9e8de78 -> 
  custom:audio-decoder-ogg-vorbis: bf7c407c2cedff20999df2af8eb42d56 -> 
========================================================================
Received Prepare
Registering precompiled user dll's ...
Registered in 0.006320 seconds.
Begin MonoManager ReloadAssembly
Symbol file LoadedFromMemory doesn't match image C:\Users\jonka\OneDrive\Desktop\DragonFruitStudios_repo2--main\DragonFruitStudios_repo2--main\Library\PackageCache\com.unity.visualscripting@1.7.6\Editor\VisualScripting.Core\Dependencies\YamlDotNet\Unity.VisualScripting.YamlDotNet.dll
Symbol file LoadedFromMemory doesn't match image C:\Users\jonka\OneDrive\Desktop\DragonFruitStudios_repo2--main\DragonFruitStudios_repo2--main\Library\PackageCache\com.unity.visualscripting@1.7.6\Editor\VisualScripting.Core\Dependencies\DotNetZip\Unity.VisualScripting.IonicZip.dll
Native extension for WindowsStandalone target not found
Refreshing native plugins compatible for Editor in 0.69 ms, found 4 plugins.
Preloading 0 native plugins for Editor in 0.00 ms.
Mono: successfully reloaded assembly
- Completed reload, in  1.018 seconds
Domain Reload Profiling:
	ReloadAssembly (1019ms)
		BeginReloadAssembly (117ms)
			ExecutionOrderSort (0ms)
			DisableScriptedObjects (7ms)
			BackupInstance (0ms)
			ReleaseScriptingObjects (0ms)
			CreateAndSetChildDomain (35ms)
		EndReloadAssembly (823ms)
			LoadAssemblies (61ms)
			RebuildTransferFunctionScriptingTraits (0ms)
			SetupTypeCache (212ms)
			ReleaseScriptCaches (2ms)
			RebuildScriptCaches (47ms)
			SetupLoadedEditorAssemblies (436ms)
				LogAssemblyErrors (0ms)
				InitializePlatformSupportModulesInManaged (11ms)
				SetLoadedEditorAssemblies (0ms)
				RefreshPlugins (1ms)
				BeforeProcessingInitializeOnLoad (67ms)
				ProcessInitializeOnLoadAttributes (322ms)
				ProcessInitializeOnLoadMethodAttributes (31ms)
				AfterProcessingInitializeOnLoad (4ms)
				EditorAssembliesLoaded (0ms)
			ExecutionOrderSort2 (0ms)
			AwakeInstancesAfterBackupRestoration (19ms)
Platform modules already initialized, skipping
Refreshing native plugins compatible for Editor in 1.15 ms, found 4 plugins.
Preloading 0 native plugins for Editor in 0.00 ms.
Unloading 3953 Unused Serialized files (Serialized files now loaded: 0)
Unloading 28 unused Assets / (24.8 KB). Loaded Objects now: 4759.
Memory consumption went from 167.1 MB to 167.1 MB.
Total: 3.130500 ms (FindLiveObjects: 0.375000 ms CreateObjectMapping: 0.145700 ms MarkObjects: 2.581400 ms  DeleteObjects: 0.026600 ms)

AssetImportParameters requested are different than current active one (requested -> active):
  custom:video-decoder-ogg-theora: a1e56fd34408186e4bbccfd4996cb3dc -> 
  custom:container-muxer-webm: aa71ff27fc2769a1b78a27578f13a17b -> 
  custom:container-demuxer-webm: 4f35f7cbe854078d1ac9338744f61a02 -> 
  custom:video-encoder-webm-vp8: eb34c28f22e8b96e1ab97ce403110664 -> 
  custom:audio-encoder-webm-vorbis: bf7c407c2cedff20999df2af8eb42d56 -> 
  custom:framework-win-MediaFoundation: 216162199b28c13a410421893ffa2e32 -> 
  custom:container-demuxer-ogg: 62fdf1f143b41e24485cea50d1cbac27 -> 
  custom:video-decoder-webm-vp8: 9c59270c3fd7afecdb556c50c9e8de78 -> 
  custom:audio-decoder-ogg-vorbis: bf7c407c2cedff20999df2af8eb42d56 -> 
========================================================================
Received Import Request.
  Time since last request: 202.162788 seconds.
  path: Assets/Scenes/Menu_Screens/End Scene.unity
  artifactKey: Guid(2b1483f5ca4455844bc41f0b6080298f) Importer(815301076,1909f56bfc062723c751e8b465ee728b)
Start importing Assets/Scenes/Menu_Screens/End Scene.unity using Guid(2b1483f5ca4455844bc41f0b6080298f) Importer(815301076,1909f56bfc062723c751e8b465ee728b)  -> (artifact id: '9daaa9bbd915f28bed96779eaec774aa') in 0.026373 seconds 
========================================================================
Received Import Request.
  Time since last request: 24.778267 seconds.
  path: Assets/Scenes/Menu_Screens/End Scene.unity
  artifactKey: Guid(2b1483f5ca4455844bc41f0b6080298f) Importer(815301076,1909f56bfc062723c751e8b465ee728b)
Start importing Assets/Scenes/Menu_Screens/End Scene.unity using Guid(2b1483f5ca4455844bc41f0b6080298f) Importer(815301076,1909f56bfc062723c751e8b465ee728b)  -> (artifact id: 'b06d75d97a0b9347797986133ac04a64') in 0.002556 seconds 
========================================================================
Received Import Request.
  Time since last request: 86.991620 seconds.
  path: Assets/TextMesh Pro/Resources/Fonts & Materials/6809 chargen 1 SDF.asset
  artifactKey: Guid(31e416656c09aa840aedc4e95fe51fe5) Importer(815301076,1909f56bfc062723c751e8b465ee728b)
Start importing Assets/TextMesh Pro/Resources/Fonts & Materials/6809 chargen 1 SDF.asset using Guid(31e416656c09aa840aedc4e95fe51fe5) Importer(815301076,1909f56bfc062723c751e8b465ee728b)  -> (artifact id: '8b2cd81cd4798d27dab07ba2efa3b708') in 0.090644 seconds 
========================================================================
Received Import Request.
  Time since last request: 0.000097 seconds.
  path: Assets/TextMesh Pro/Resources/Fonts & Materials/LiberationSans SDF - Drop Shadow.mat
  artifactKey: Guid(e73a58f6e2794ae7b1b7e50b7fb811b0) Importer(815301076,1909f56bfc062723c751e8b465ee728b)
Start importing Assets/TextMesh Pro/Resources/Fonts & Materials/LiberationSans SDF - Drop Shadow.mat using Guid(e73a58f6e2794ae7b1b7e50b7fb811b0) Importer(815301076,1909f56bfc062723c751e8b465ee728b)  -> (artifact id: '338c53cb4aa7a8b01b49a19b662993dd') in 0.098077 seconds 
========================================================================
Received Import Request.
  Time since last request: 18.470086 seconds.
  path: Assets/TextMesh Pro/Resources/Fonts & Materials/LiberationSans SDF - Outline.mat
  artifactKey: Guid(79459efec17a4d00a321bdcc27bbc385) Importer(815301076,1909f56bfc062723c751e8b465ee728b)
Start importing Assets/TextMesh Pro/Resources/Fonts & Materials/LiberationSans SDF - Outline.mat using Guid(79459efec17a4d00a321bdcc27bbc385) Importer(815301076,1909f56bfc062723c751e8b465ee728b)  -> (artifact id: '54d3674c8cb66e11e9c1ab6914a07cc6') in 0.062369 seconds 
========================================================================
Received Import Request.
  Time since last request: 24.988216 seconds.
  path: Assets/Scenes/Menu_Screens/End Scene.unity
  artifactKey: Guid(2b1483f5ca4455844bc41f0b6080298f) Importer(815301076,1909f56bfc062723c751e8b465ee728b)
Start importing Assets/Scenes/Menu_Screens/End Scene.unity using Guid(2b1483f5ca4455844bc41f0b6080298f) Importer(815301076,1909f56bfc062723c751e8b465ee728b)  -> (artifact id: 'b54f92fd8154fdb2bdde018aaa8b0d6d') in 0.003207 seconds 
